#
# There is insufficient memory for the Java Runtime Environment to continue.
# Native memory allocation (malloc) failed to allocate 1257856 bytes for Chunk::new
# Possible reasons:
#   The system is out of physical RAM or swap space
#   The process is running with CompressedOops enabled, and the Java Heap may be blocking the growth of the native heap
# Possible solutions:
#   Reduce memory load on the system
#   Increase physical memory or swap space
#   Check if swap backing store is full
#   Decrease Java heap size (-Xmx/-Xms)
#   Decrease number of Java threads
#   Decrease Java thread stack sizes (-Xss)
#   Set larger code cache with -XX:ReservedCodeCacheSize=
#   JVM is running with Unscaled Compressed Oops mode in which the Java heap is
#     placed in the first 4GB address space. The Java Heap base address is the
#     maximum limit for the native heap growth. Please use -XX:HeapBaseMinAddress
#     to set the Java Heap base and to place the Java Heap above 4GB virtual address.
# This output file may be truncated or incomplete.
#
#  Out of Memory Error (./src/hotspot/share/memory/arena.cpp:197), pid=2320, tid=8408
#
# JRE version: OpenJDK Runtime Environment (11.0.10) (build 11.0.10+0-b96-7249189)
# Java VM: OpenJDK 64-Bit Server VM (11.0.10+0-b96-7249189, mixed mode, tiered, compressed oops, g1 gc, windows-amd64)
# No core dump will be written. Minidumps are not enabled by default on client versions of Windows
#

---------------  S U M M A R Y ------------

Command Line: --add-opens=java.base/java.util=ALL-UNNAMED --add-opens=java.base/java.lang=ALL-UNNAMED --add-opens=java.base/java.lang.invoke=ALL-UNNAMED --add-opens=java.base/java.util=ALL-UNNAMED --add-opens=java.prefs/java.util.prefs=ALL-UNNAMED --add-opens=java.prefs/java.util.prefs=ALL-UNNAMED --add-opens=java.base/java.nio.charset=ALL-UNNAMED --add-opens=java.base/java.net=ALL-UNNAMED --add-opens=java.base/java.util.concurrent.atomic=ALL-UNNAMED -Xmx2048m -Dfile.encoding=UTF-8 -Duser.country=BR -Duser.language=pt -Duser.variant org.gradle.launcher.daemon.bootstrap.GradleDaemon 7.0.2

Host: Intel(R) Core(TM) i5-6200U CPU @ 2.30GHz, 4 cores, 7G,  Windows 10 , 64 bit Build 19041 (10.0.19041.1348)
Time: Tue Nov 23 17:54:45 2021 Hora oficial do Brasil elapsed time: 26.315122 seconds (0d 0h 0m 26s)

---------------  T H R E A D  ---------------

Current thread (0x0000026cb980c800):  JavaThread "C2 CompilerThread0" daemon [_thread_in_native, id=8408, stack(0x000000f1b2200000,0x000000f1b2300000)]


Current CompileTask:
C2:  26315 6801 %     4       org.gradle.internal.instantiation.generator.AbstractClassGenerator::inspectType @ 207 (560 bytes)

Stack: [0x000000f1b2200000,0x000000f1b2300000]
Native frames: (J=compiled Java code, j=interpreted, Vv=VM code, C=native code)
V  [jvm.dll+0x5ecfaa]
V  [jvm.dll+0x722bd5]
V  [jvm.dll+0x72412d]
V  [jvm.dll+0x7247e3]
V  [jvm.dll+0x242928]
V  [jvm.dll+0xbc4fc]
V  [jvm.dll+0xbca0c]
V  [jvm.dll+0x2b4fd4]
V  [jvm.dll+0x506028]
V  [jvm.dll+0x203253]
V  [jvm.dll+0x1fd07c]
V  [jvm.dll+0x1fa77f]
V  [jvm.dll+0x18354c]
V  [jvm.dll+0x208ee7]
V  [jvm.dll+0x207731]
V  [jvm.dll+0x6eb1cf]
V  [jvm.dll+0x6e3d45]
V  [jvm.dll+0x5ebe96]
C  [ucrtbase.dll+0x21bb2]
C  [KERNEL32.DLL+0x17034]
C  [ntdll.dll+0x52651]


---------------  P R O C E S S  ---------------

Threads class SMR info:
_java_thread_list=0x0000026cbcced2a0, length=42, elements={
0x0000026c9f4dd000, 0x0000026cb97e0000, 0x0000026cb97e3800, 0x0000026cb97fb800,
0x0000026cb97fd000, 0x0000026cb97ff000, 0x0000026cb980c800, 0x0000026cb9817800,
0x0000026cb9823800, 0x0000026cba2db800, 0x0000026cbc3b2800, 0x0000026cbb6a8000,
0x0000026cbb4e6000, 0x0000026cbc9f7000, 0x0000026cbc645800, 0x0000026cbd3e0800,
0x0000026cba5c9000, 0x0000026cbb546800, 0x0000026cbc475800, 0x0000026cb9816800,
0x0000026cb9819000, 0x0000026cb981b000, 0x0000026cb981a000, 0x0000026cb981d000,
0x0000026cb9818800, 0x0000026cbddb1000, 0x0000026cbddb3000, 0x0000026cbddb3800,
0x0000026cbddb0800, 0x0000026cbddb4800, 0x0000026cbddaf800, 0x0000026cbddbb000,
0x0000026cbddb8800, 0x0000026cbddb7000, 0x0000026cbddb5000, 0x0000026cbddbd800,
0x0000026cbddbe000, 0x0000026cb981b800, 0x0000026cbd667800, 0x0000026cbd668000,
0x0000026cbd666800, 0x0000026cbd66c800
}

Java Threads: ( => current thread )
  0x0000026c9f4dd000 JavaThread "main" [_thread_blocked, id=1316, stack(0x000000f1b1600000,0x000000f1b1700000)]
  0x0000026cb97e0000 JavaThread "Reference Handler" daemon [_thread_blocked, id=11144, stack(0x000000f1b1d00000,0x000000f1b1e00000)]
  0x0000026cb97e3800 JavaThread "Finalizer" daemon [_thread_blocked, id=11752, stack(0x000000f1b1e00000,0x000000f1b1f00000)]
  0x0000026cb97fb800 JavaThread "Signal Dispatcher" daemon [_thread_blocked, id=6364, stack(0x000000f1b1f00000,0x000000f1b2000000)]
  0x0000026cb97fd000 JavaThread "Attach Listener" daemon [_thread_blocked, id=9348, stack(0x000000f1b2000000,0x000000f1b2100000)]
  0x0000026cb97ff000 JavaThread "Service Thread" daemon [_thread_blocked, id=3516, stack(0x000000f1b2100000,0x000000f1b2200000)]
=>0x0000026cb980c800 JavaThread "C2 CompilerThread0" daemon [_thread_in_native, id=8408, stack(0x000000f1b2200000,0x000000f1b2300000)]
  0x0000026cb9817800 JavaThread "C1 CompilerThread0" daemon [_thread_blocked, id=5728, stack(0x000000f1b2300000,0x000000f1b2400000)]
  0x0000026cb9823800 JavaThread "Sweeper thread" daemon [_thread_blocked, id=1396, stack(0x000000f1b2400000,0x000000f1b2500000)]
  0x0000026cba2db800 JavaThread "Common-Cleaner" daemon [_thread_blocked, id=8740, stack(0x000000f1b2500000,0x000000f1b2600000)]
  0x0000026cbc3b2800 JavaThread "Daemon health stats" [_thread_blocked, id=9272, stack(0x000000f1b2a00000,0x000000f1b2b00000)]
  0x0000026cbb6a8000 JavaThread "Incoming local TCP Connector on port 59920" [_thread_in_native, id=11916, stack(0x000000f1b2700000,0x000000f1b2800000)]
  0x0000026cbb4e6000 JavaThread "Daemon periodic checks" [_thread_blocked, id=9844, stack(0x000000f1b2b00000,0x000000f1b2c00000)]
  0x0000026cbc9f7000 JavaThread "Daemon" [_thread_blocked, id=9544, stack(0x000000f1b2c00000,0x000000f1b2d00000)]
  0x0000026cbc645800 JavaThread "Handler for socket connection from /127.0.0.1:59920 to /127.0.0.1:59921" [_thread_in_native, id=8084, stack(0x000000f1b2d00000,0x000000f1b2e00000)]
  0x0000026cbd3e0800 JavaThread "Cancel handler" [_thread_blocked, id=6304, stack(0x000000f1b2e00000,0x000000f1b2f00000)]
  0x0000026cba5c9000 JavaThread "Daemon worker" [_thread_in_vm, id=7440, stack(0x000000f1b2f00000,0x000000f1b3000000)]
  0x0000026cbb546800 JavaThread "Asynchronous log dispatcher for DefaultDaemonConnection: socket connection from /127.0.0.1:59920 to /127.0.0.1:59921" [_thread_blocked, id=6604, stack(0x000000f1b3000000,0x000000f1b3100000)]
  0x0000026cbc475800 JavaThread "Stdin handler" [_thread_blocked, id=6980, stack(0x000000f1b3100000,0x000000f1b3200000)]
  0x0000026cb9816800 JavaThread "Daemon client event forwarder" [_thread_blocked, id=10976, stack(0x000000f1b3300000,0x000000f1b3400000)]
  0x0000026cb9819000 JavaThread "Cache worker for file hash cache (C:\Users\usuario\.gradle\caches\7.0.2\fileHashes)" [_thread_blocked, id=9304, stack(0x000000f1b3400000,0x000000f1b3500000)]
  0x0000026cb981b000 JavaThread "File lock request listener" [_thread_in_native, id=424, stack(0x000000f1b3500000,0x000000f1b3600000)]
  0x0000026cb981a000 JavaThread "Cache worker for journal cache (C:\Users\usuario\.gradle\caches\journal-1)" [_thread_blocked, id=2276, stack(0x000000f1b3600000,0x000000f1b3700000)]
  0x0000026cb981d000 JavaThread "Cache worker for file hash cache (C:\Users\usuario\Desktop\android-basics-kotlin-cupcake-app\.gradle\7.0.2\fileHashes)" [_thread_blocked, id=10344, stack(0x000000f1b3800000,0x000000f1b3900000)]
  0x0000026cb9818800 JavaThread "File watcher server" daemon [_thread_in_native, id=11624, stack(0x000000f1b3900000,0x000000f1b3a00000)]
  0x0000026cbddb1000 JavaThread "File watcher consumer" daemon [_thread_blocked, id=412, stack(0x000000f1b3a00000,0x000000f1b3b00000)]
  0x0000026cbddb3000 JavaThread "Cache worker for checksums cache (C:\Users\usuario\Desktop\android-basics-kotlin-cupcake-app\.gradle\checksums)" [_thread_blocked, id=6900, stack(0x000000f1b3b00000,0x000000f1b3c00000)]
  0x0000026cbddb3800 JavaThread "Cache worker for cache directory md-supplier (C:\Users\usuario\.gradle\caches\7.0.2\md-supplier)" [_thread_blocked, id=3336, stack(0x000000f1b3c00000,0x000000f1b3d00000)]
  0x0000026cbddb0800 JavaThread "Cache worker for cache directory md-rule (C:\Users\usuario\.gradle\caches\7.0.2\md-rule)" [_thread_blocked, id=10104, stack(0x000000f1b3d00000,0x000000f1b3e00000)]
  0x0000026cbddb4800 JavaThread "Cache worker for execution history cache (C:\Users\usuario\.gradle\caches\7.0.2\executionHistory)" [_thread_blocked, id=5188, stack(0x000000f1b3e00000,0x000000f1b3f00000)]
  0x0000026cbddaf800 JavaThread "jar transforms" [_thread_blocked, id=108, stack(0x000000f1b3f00000,0x000000f1b4000000)]
  0x0000026cbddbb000 JavaThread "jar transforms Thread 2" [_thread_blocked, id=8956, stack(0x000000f1b4000000,0x000000f1b4100000)]
  0x0000026cbddb8800 JavaThread "Cache worker for file content cache (C:\Users\usuario\.gradle\caches\7.0.2\fileContent)" [_thread_blocked, id=8556, stack(0x000000f1b4100000,0x000000f1b4200000)]
  0x0000026cbddb7000 JavaThread "Cache worker for dependencies-accessors (C:\Users\usuario\Desktop\android-basics-kotlin-cupcake-app\.gradle\7.0.2\dependencies-accessors)" [_thread_blocked, id=3812, stack(0x000000f1b4200000,0x000000f1b4300000)]
  0x0000026cbddb5000 JavaThread "jar transforms Thread 3" [_thread_blocked, id=2600, stack(0x000000f1b4300000,0x000000f1b4400000)]
  0x0000026cbddbd800 JavaThread "Cache worker for Build Output Cleanup Cache (C:\Users\usuario\Desktop\android-basics-kotlin-cupcake-app\.gradle\buildOutputCleanup)" [_thread_blocked, id=4100, stack(0x000000f1b4400000,0x000000f1b4500000)]
  0x0000026cbddbe000 JavaThread "Build operations" [_thread_blocked, id=6752, stack(0x000000f1b4500000,0x000000f1b4600000)]
  0x0000026cb981b800 JavaThread "Build operations Thread 2" [_thread_blocked, id=6844, stack(0x000000f1b4600000,0x000000f1b4700000)]
  0x0000026cbd667800 JavaThread "Build operations Thread 3" [_thread_blocked, id=3896, stack(0x000000f1b4700000,0x000000f1b4800000)]
  0x0000026cbd668000 JavaThread "Build operations Thread 4" [_thread_blocked, id=7004, stack(0x000000f1b4800000,0x000000f1b4900000)]
  0x0000026cbd666800 JavaThread "jar transforms Thread 4" [_thread_blocked, id=2512, stack(0x000000f1b4900000,0x000000f1b4a00000)]
  0x0000026cbd66c800 JavaThread "Memory manager" [_thread_blocked, id=5348, stack(0x000000f1b4a00000,0x000000f1b4b00000)]

Other Threads:
  0x0000026cb97db000 VMThread "VM Thread" [stack: 0x000000f1b1c00000,0x000000f1b1d00000] [id=7652]
  0x0000026cba2df800 WatcherThread [stack: 0x000000f1b2600000,0x000000f1b2700000] [id=5128]
  0x0000026c9f4f6800 GCTaskThread "GC Thread#0" [stack: 0x000000f1b1700000,0x000000f1b1800000] [id=5560]
  0x0000026cbad15800 GCTaskThread "GC Thread#1" [stack: 0x000000f1b2800000,0x000000f1b2900000] [id=5196]
  0x0000026cbad16000 GCTaskThread "GC Thread#2" [stack: 0x000000f1b2900000,0x000000f1b2a00000] [id=1168]
  0x0000026cbb691800 GCTaskThread "GC Thread#3" [stack: 0x000000f1b3200000,0x000000f1b3300000] [id=2648]
  0x0000026c9f526000 ConcurrentGCThread "G1 Main Marker" [stack: 0x000000f1b1800000,0x000000f1b1900000] [id=11776]
  0x0000026c9f528800 ConcurrentGCThread "G1 Conc#0" [stack: 0x000000f1b1900000,0x000000f1b1a00000] [id=10004]
  0x0000026c9f5bb800 ConcurrentGCThread "G1 Refine#0" [stack: 0x000000f1b1a00000,0x000000f1b1b00000] [id=10360]
  0x0000026c9f5bc800 ConcurrentGCThread "G1 Young RemSet Sampling" [stack: 0x000000f1b1b00000,0x000000f1b1c00000] [id=8004]

Threads with active compile tasks:
C2 CompilerThread0  26621 6801 %     4       org.gradle.internal.instantiation.generator.AbstractClassGenerator::inspectType @ 207 (560 bytes)

VM state:not at safepoint (normal execution)

VM Mutex/Monitor currently owned by a thread: None

Heap address: 0x0000000080000000, size: 2048 MB, Compressed Oops mode: 32-bit
Narrow klass base: 0x0000000000000000, Narrow klass shift: 3
Compressed class space size: 1073741824 Address: 0x0000000100000000

Heap:
 garbage-first heap   total 157696K, used 66423K [0x0000000080000000, 0x0000000100000000)
  region size 1024K, 13 young (13312K), 6 survivors (6144K)
 Metaspace       used 69068K, capacity 70722K, committed 70988K, reserved 1112064K
  class space    used 8688K, capacity 9278K, committed 9292K, reserved 1048576K
Heap Regions: E=young(eden), S=young(survivor), O=old, HS=humongous(starts), HC=humongous(continues), CS=collection set, F=free, A=archive, TAMS=top-at-mark-start (previous, next)
|   0|0x0000000080000000, 0x0000000080100000, 0x0000000080100000|100%| O|  |TAMS 0x0000000080100000, 0x0000000080000000| Untracked 
|   1|0x0000000080100000, 0x0000000080200000, 0x0000000080200000|100%| O|  |TAMS 0x0000000080200000, 0x0000000080100000| Untracked 
|   2|0x0000000080200000, 0x0000000080300000, 0x0000000080300000|100%| O|  |TAMS 0x0000000080300000, 0x0000000080200000| Untracked 
|   3|0x0000000080300000, 0x0000000080400000, 0x0000000080400000|100%|HS|  |TAMS 0x0000000080400000, 0x0000000080300000| Complete 
|   4|0x0000000080400000, 0x0000000080500000, 0x0000000080500000|100%|HC|  |TAMS 0x0000000080500000, 0x0000000080400000| Complete 
|   5|0x0000000080500000, 0x0000000080600000, 0x0000000080600000|100%|HC|  |TAMS 0x0000000080600000, 0x0000000080500000| Complete 
|   6|0x0000000080600000, 0x0000000080700000, 0x0000000080700000|100%| O|  |TAMS 0x0000000080700000, 0x0000000080600000| Untracked 
|   7|0x0000000080700000, 0x0000000080800000, 0x0000000080800000|100%| O|  |TAMS 0x0000000080800000, 0x0000000080700000| Untracked 
|   8|0x0000000080800000, 0x0000000080900000, 0x0000000080900000|100%| O|  |TAMS 0x0000000080900000, 0x0000000080800000| Untracked 
|   9|0x0000000080900000, 0x0000000080a00000, 0x0000000080a00000|100%| O|  |TAMS 0x0000000080a00000, 0x0000000080900000| Untracked 
|  10|0x0000000080a00000, 0x0000000080b00000, 0x0000000080b00000|100%| O|  |TAMS 0x0000000080b00000, 0x0000000080a00000| Untracked 
|  11|0x0000000080b00000, 0x0000000080c00000, 0x0000000080c00000|100%| O|  |TAMS 0x0000000080c00000, 0x0000000080b00000| Untracked 
|  12|0x0000000080c00000, 0x0000000080d00000, 0x0000000080d00000|100%| O|  |TAMS 0x0000000080d00000, 0x0000000080c00000| Untracked 
|  13|0x0000000080d00000, 0x0000000080e00000, 0x0000000080e00000|100%| O|  |TAMS 0x0000000080e00000, 0x0000000080d00000| Untracked 
|  14|0x0000000080e00000, 0x0000000080f00000, 0x0000000080f00000|100%| O|  |TAMS 0x0000000080f00000, 0x0000000080e00000| Untracked 
|  15|0x0000000080f00000, 0x0000000081000000, 0x0000000081000000|100%| O|  |TAMS 0x0000000081000000, 0x0000000080f00000| Untracked 
|  16|0x0000000081000000, 0x0000000081100000, 0x0000000081100000|100%| O|  |TAMS 0x0000000081100000, 0x0000000081000000| Untracked 
|  17|0x0000000081100000, 0x0000000081200000, 0x0000000081200000|100%| O|  |TAMS 0x0000000081200000, 0x0000000081100000| Untracked 
|  18|0x0000000081200000, 0x0000000081300000, 0x0000000081300000|100%|HS|  |TAMS 0x0000000081300000, 0x0000000081200000| Complete 
|  19|0x0000000081300000, 0x0000000081400000, 0x0000000081400000|100%| O|  |TAMS 0x0000000081400000, 0x0000000081300000| Untracked 
|  20|0x0000000081400000, 0x0000000081500000, 0x0000000081500000|100%| O|  |TAMS 0x0000000081500000, 0x0000000081400000| Untracked 
|  21|0x0000000081500000, 0x0000000081600000, 0x0000000081600000|100%| O|  |TAMS 0x0000000081600000, 0x0000000081500000| Untracked 
|  22|0x0000000081600000, 0x0000000081700000, 0x0000000081700000|100%| O|  |TAMS 0x0000000081700000, 0x0000000081600000| Untracked 
|  23|0x0000000081700000, 0x0000000081800000, 0x0000000081800000|100%|HS|  |TAMS 0x0000000081800000, 0x0000000081700000| Complete 
|  24|0x0000000081800000, 0x0000000081900000, 0x0000000081900000|100%|HS|  |TAMS 0x0000000081900000, 0x0000000081800000| Complete 
|  25|0x0000000081900000, 0x0000000081a00000, 0x0000000081a00000|100%|HS|  |TAMS 0x0000000081a00000, 0x0000000081900000| Complete 
|  26|0x0000000081a00000, 0x0000000081b00000, 0x0000000081b00000|100%|HC|  |TAMS 0x0000000081b00000, 0x0000000081a00000| Complete 
|  27|0x0000000081b00000, 0x0000000081c00000, 0x0000000081c00000|100%|HC|  |TAMS 0x0000000081c00000, 0x0000000081b00000| Complete 
|  28|0x0000000081c00000, 0x0000000081d00000, 0x0000000081d00000|100%|HS|  |TAMS 0x0000000081d00000, 0x0000000081c00000| Complete 
|  29|0x0000000081d00000, 0x0000000081e00000, 0x0000000081e00000|100%|HC|  |TAMS 0x0000000081e00000, 0x0000000081d00000| Complete 
|  30|0x0000000081e00000, 0x0000000081f00000, 0x0000000081f00000|100%| O|  |TAMS 0x0000000081f00000, 0x0000000081e00000| Untracked 
|  31|0x0000000081f00000, 0x0000000082000000, 0x0000000082000000|100%| O|  |TAMS 0x0000000082000000, 0x0000000081f00000| Untracked 
|  32|0x0000000082000000, 0x0000000082100000, 0x0000000082100000|100%| O|  |TAMS 0x0000000082100000, 0x0000000082000000| Untracked 
|  33|0x0000000082100000, 0x0000000082200000, 0x0000000082200000|100%| O|  |TAMS 0x0000000082200000, 0x0000000082100000| Untracked 
|  34|0x0000000082200000, 0x0000000082300000, 0x0000000082300000|100%| O|  |TAMS 0x0000000082300000, 0x0000000082200000| Untracked 
|  35|0x0000000082300000, 0x0000000082400000, 0x0000000082400000|100%| O|  |TAMS 0x0000000082400000, 0x0000000082300000| Untracked 
|  36|0x0000000082400000, 0x0000000082500000, 0x0000000082500000|100%| O|  |TAMS 0x0000000082500000, 0x0000000082400000| Untracked 
|  37|0x0000000082500000, 0x0000000082600000, 0x0000000082600000|100%| O|  |TAMS 0x0000000082600000, 0x0000000082500000| Untracked 
|  38|0x0000000082600000, 0x0000000082700000, 0x0000000082700000|100%| O|  |TAMS 0x0000000082700000, 0x0000000082600000| Untracked 
|  39|0x0000000082700000, 0x0000000082800000, 0x0000000082800000|100%| O|  |TAMS 0x0000000082800000, 0x0000000082700000| Untracked 
|  40|0x0000000082800000, 0x0000000082900000, 0x0000000082900000|100%| O|  |TAMS 0x0000000082900000, 0x0000000082800000| Untracked 
|  41|0x0000000082900000, 0x0000000082a00000, 0x0000000082a00000|100%| O|  |TAMS 0x0000000082a00000, 0x0000000082900000| Untracked 
|  42|0x0000000082a00000, 0x0000000082b00000, 0x0000000082b00000|100%| O|  |TAMS 0x0000000082a00000, 0x0000000082a00000| Untracked 
|  43|0x0000000082b00000, 0x0000000082c00000, 0x0000000082c00000|100%| O|  |TAMS 0x0000000082b00000, 0x0000000082b00000| Untracked 
|  44|0x0000000082c00000, 0x0000000082d00000, 0x0000000082d00000|100%| O|  |TAMS 0x0000000082c00000, 0x0000000082c00000| Untracked 
|  45|0x0000000082d00000, 0x0000000082e00000, 0x0000000082e00000|100%| O|  |TAMS 0x0000000082d00000, 0x0000000082d00000| Untracked 
|  46|0x0000000082e00000, 0x0000000082f00000, 0x0000000082f00000|100%| O|  |TAMS 0x0000000082e00000, 0x0000000082e00000| Untracked 
|  47|0x0000000082f00000, 0x0000000083000000, 0x0000000083000000|100%| O|  |TAMS 0x0000000082f00000, 0x0000000082f00000| Untracked 
|  48|0x0000000083000000, 0x0000000083094000, 0x0000000083100000| 57%| O|  |TAMS 0x0000000083000000, 0x0000000083000000| Untracked 
|  49|0x0000000083100000, 0x0000000083100000, 0x0000000083200000|  0%| F|  |TAMS 0x0000000083100000, 0x0000000083100000| Untracked 
|  50|0x0000000083200000, 0x0000000083200000, 0x0000000083300000|  0%| F|  |TAMS 0x0000000083200000, 0x0000000083200000| Untracked 
|  51|0x0000000083300000, 0x0000000083300000, 0x0000000083400000|  0%| F|  |TAMS 0x0000000083300000, 0x0000000083300000| Untracked 
|  52|0x0000000083400000, 0x0000000083500000, 0x0000000083500000|100%| O|  |TAMS 0x0000000083500000, 0x0000000083400000| Untracked 
|  53|0x0000000083500000, 0x0000000083600000, 0x0000000083600000|100%| O|  |TAMS 0x0000000083600000, 0x0000000083500000| Untracked 
|  54|0x0000000083600000, 0x0000000083700000, 0x0000000083700000|100%| O|  |TAMS 0x0000000083700000, 0x0000000083600000| Untracked 
|  55|0x0000000083700000, 0x0000000083800000, 0x0000000083800000|100%| O|  |TAMS 0x0000000083800000, 0x0000000083700000| Untracked 
|  56|0x0000000083800000, 0x0000000083900000, 0x0000000083900000|100%| O|  |TAMS 0x00000000838d3200, 0x0000000083800000| Untracked 
|  57|0x0000000083900000, 0x0000000083900000, 0x0000000083a00000|  0%| F|  |TAMS 0x0000000083900000, 0x0000000083900000| Untracked 
|  58|0x0000000083a00000, 0x0000000083a00000, 0x0000000083b00000|  0%| F|  |TAMS 0x0000000083a00000, 0x0000000083a00000| Untracked 
|  59|0x0000000083b00000, 0x0000000083b00000, 0x0000000083c00000|  0%| F|  |TAMS 0x0000000083b00000, 0x0000000083b00000| Untracked 
|  60|0x0000000083c00000, 0x0000000083c00000, 0x0000000083d00000|  0%| F|  |TAMS 0x0000000083c00000, 0x0000000083c00000| Untracked 
|  61|0x0000000083d00000, 0x0000000083d00000, 0x0000000083e00000|  0%| F|  |TAMS 0x0000000083d00000, 0x0000000083d00000| Untracked 
|  62|0x0000000083e00000, 0x0000000083e00000, 0x0000000083f00000|  0%| F|  |TAMS 0x0000000083e00000, 0x0000000083e00000| Untracked 
|  63|0x0000000083f00000, 0x0000000083f00000, 0x0000000084000000|  0%| F|  |TAMS 0x0000000083f00000, 0x0000000083f00000| Untracked 
|  64|0x0000000084000000, 0x0000000084000000, 0x0000000084100000|  0%| F|  |TAMS 0x0000000084000000, 0x0000000084000000| Untracked 
|  65|0x0000000084100000, 0x0000000084100000, 0x0000000084200000|  0%| F|  |TAMS 0x0000000084100000, 0x0000000084100000| Untracked 
|  66|0x0000000084200000, 0x0000000084200000, 0x0000000084300000|  0%| F|  |TAMS 0x0000000084200000, 0x0000000084200000| Untracked 
|  67|0x0000000084300000, 0x0000000084300000, 0x0000000084400000|  0%| F|  |TAMS 0x0000000084300000, 0x0000000084300000| Untracked 
|  68|0x0000000084400000, 0x0000000084400000, 0x0000000084500000|  0%| F|  |TAMS 0x0000000084400000, 0x0000000084400000| Untracked 
|  69|0x0000000084500000, 0x0000000084500000, 0x0000000084600000|  0%| F|  |TAMS 0x0000000084500000, 0x0000000084500000| Untracked 
|  70|0x0000000084600000, 0x0000000084600000, 0x0000000084700000|  0%| F|  |TAMS 0x0000000084600000, 0x0000000084600000| Untracked 
|  71|0x0000000084700000, 0x0000000084700000, 0x0000000084800000|  0%| F|  |TAMS 0x0000000084700000, 0x0000000084700000| Untracked 
|  72|0x0000000084800000, 0x0000000084800000, 0x0000000084900000|  0%| F|  |TAMS 0x0000000084800000, 0x0000000084800000| Untracked 
|  73|0x0000000084900000, 0x0000000084900000, 0x0000000084a00000|  0%| F|  |TAMS 0x0000000084900000, 0x0000000084900000| Untracked 
|  74|0x0000000084a00000, 0x0000000084a00000, 0x0000000084b00000|  0%| F|  |TAMS 0x0000000084a00000, 0x0000000084a00000| Untracked 
|  75|0x0000000084b00000, 0x0000000084b00000, 0x0000000084c00000|  0%| F|  |TAMS 0x0000000084b00000, 0x0000000084b00000| Untracked 
|  76|0x0000000084c00000, 0x0000000084c00000, 0x0000000084d00000|  0%| F|  |TAMS 0x0000000084c00000, 0x0000000084c00000| Untracked 
|  77|0x0000000084d00000, 0x0000000084d00000, 0x0000000084e00000|  0%| F|  |TAMS 0x0000000084d00000, 0x0000000084d00000| Untracked 
|  78|0x0000000084e00000, 0x0000000084e00000, 0x0000000084f00000|  0%| F|  |TAMS 0x0000000084e00000, 0x0000000084e00000| Untracked 
|  79|0x0000000084f00000, 0x0000000084f00000, 0x0000000085000000|  0%| F|  |TAMS 0x0000000084f00000, 0x0000000084f00000| Untracked 
|  80|0x0000000085000000, 0x0000000085000000, 0x0000000085100000|  0%| F|  |TAMS 0x0000000085000000, 0x0000000085000000| Untracked 
|  81|0x0000000085100000, 0x0000000085149f80, 0x0000000085200000| 28%| S|CS|TAMS 0x0000000085100000, 0x0000000085100000| Complete 
|  82|0x0000000085200000, 0x0000000085300000, 0x0000000085300000|100%| S|CS|TAMS 0x0000000085200000, 0x0000000085200000| Complete 
|  83|0x0000000085300000, 0x0000000085400000, 0x0000000085400000|100%| S|CS|TAMS 0x0000000085300000, 0x0000000085300000| Complete 
|  84|0x0000000085400000, 0x0000000085500000, 0x0000000085500000|100%| S|CS|TAMS 0x0000000085400000, 0x0000000085400000| Complete 
|  85|0x0000000085500000, 0x0000000085600000, 0x0000000085600000|100%| S|CS|TAMS 0x0000000085500000, 0x0000000085500000| Complete 
|  86|0x0000000085600000, 0x0000000085600000, 0x0000000085700000|  0%| F|  |TAMS 0x0000000085600000, 0x0000000085600000| Untracked 
|  87|0x0000000085700000, 0x0000000085700000, 0x0000000085800000|  0%| F|  |TAMS 0x0000000085700000, 0x0000000085700000| Untracked 
|  88|0x0000000085800000, 0x0000000085800000, 0x0000000085900000|  0%| F|  |TAMS 0x0000000085800000, 0x0000000085800000| Untracked 
|  89|0x0000000085900000, 0x0000000085900000, 0x0000000085a00000|  0%| F|  |TAMS 0x0000000085900000, 0x0000000085900000| Untracked 
|  90|0x0000000085a00000, 0x0000000085a00000, 0x0000000085b00000|  0%| F|  |TAMS 0x0000000085a00000, 0x0000000085a00000| Untracked 
|  91|0x0000000085b00000, 0x0000000085b00000, 0x0000000085c00000|  0%| F|  |TAMS 0x0000000085b00000, 0x0000000085b00000| Untracked 
|  92|0x0000000085c00000, 0x0000000085c00000, 0x0000000085d00000|  0%| F|  |TAMS 0x0000000085c00000, 0x0000000085c00000| Untracked 
|  93|0x0000000085d00000, 0x0000000085e00000, 0x0000000085e00000|100%| S|CS|TAMS 0x0000000085d00000, 0x0000000085d00000| Complete 
|  94|0x0000000085e00000, 0x0000000085e00000, 0x0000000085f00000|  0%| F|  |TAMS 0x0000000085e00000, 0x0000000085e00000| Untracked 
|  95|0x0000000085f00000, 0x0000000085f00000, 0x0000000086000000|  0%| F|  |TAMS 0x0000000085f00000, 0x0000000085f00000| Untracked 
|  96|0x0000000086000000, 0x0000000086000000, 0x0000000086100000|  0%| F|  |TAMS 0x0000000086000000, 0x0000000086000000| Untracked 
|  97|0x0000000086100000, 0x0000000086100000, 0x0000000086200000|  0%| F|  |TAMS 0x0000000086100000, 0x0000000086100000| Untracked 
|  98|0x0000000086200000, 0x0000000086200000, 0x0000000086300000|  0%| F|  |TAMS 0x0000000086200000, 0x0000000086200000| Untracked 
|  99|0x0000000086300000, 0x0000000086300000, 0x0000000086400000|  0%| F|  |TAMS 0x0000000086300000, 0x0000000086300000| Untracked 
| 100|0x0000000086400000, 0x0000000086400000, 0x0000000086500000|  0%| F|  |TAMS 0x0000000086400000, 0x0000000086400000| Untracked 
| 101|0x0000000086500000, 0x0000000086500000, 0x0000000086600000|  0%| F|  |TAMS 0x0000000086500000, 0x0000000086500000| Untracked 
| 102|0x0000000086600000, 0x0000000086600000, 0x0000000086700000|  0%| F|  |TAMS 0x0000000086600000, 0x0000000086600000| Untracked 
| 103|0x0000000086700000, 0x0000000086700000, 0x0000000086800000|  0%| F|  |TAMS 0x0000000086700000, 0x0000000086700000| Untracked 
| 104|0x0000000086800000, 0x0000000086800000, 0x0000000086900000|  0%| F|  |TAMS 0x0000000086800000, 0x0000000086800000| Untracked 
| 105|0x0000000086900000, 0x0000000086900000, 0x0000000086a00000|  0%| F|  |TAMS 0x0000000086900000, 0x0000000086900000| Untracked 
| 106|0x0000000086a00000, 0x0000000086a00000, 0x0000000086b00000|  0%| F|  |TAMS 0x0000000086a00000, 0x0000000086a00000| Untracked 
| 107|0x0000000086b00000, 0x0000000086b00000, 0x0000000086c00000|  0%| F|  |TAMS 0x0000000086b00000, 0x0000000086b00000| Untracked 
| 108|0x0000000086c00000, 0x0000000086c00000, 0x0000000086d00000|  0%| F|  |TAMS 0x0000000086c00000, 0x0000000086c00000| Untracked 
| 109|0x0000000086d00000, 0x0000000086d00000, 0x0000000086e00000|  0%| F|  |TAMS 0x0000000086d00000, 0x0000000086d00000| Untracked 
| 110|0x0000000086e00000, 0x0000000086e00000, 0x0000000086f00000|  0%| F|  |TAMS 0x0000000086e00000, 0x0000000086e00000| Untracked 
| 111|0x0000000086f00000, 0x0000000086f00000, 0x0000000087000000|  0%| F|  |TAMS 0x0000000086f00000, 0x0000000086f00000| Untracked 
| 112|0x0000000087000000, 0x0000000087000000, 0x0000000087100000|  0%| F|  |TAMS 0x0000000087000000, 0x0000000087000000| Untracked 
| 113|0x0000000087100000, 0x0000000087100000, 0x0000000087200000|  0%| F|  |TAMS 0x0000000087100000, 0x0000000087100000| Untracked 
| 114|0x0000000087200000, 0x0000000087200000, 0x0000000087300000|  0%| F|  |TAMS 0x0000000087200000, 0x0000000087200000| Untracked 
| 115|0x0000000087300000, 0x0000000087300000, 0x0000000087400000|  0%| F|  |TAMS 0x0000000087300000, 0x0000000087300000| Untracked 
| 116|0x0000000087400000, 0x0000000087400000, 0x0000000087500000|  0%| F|  |TAMS 0x0000000087400000, 0x0000000087400000| Untracked 
| 117|0x0000000087500000, 0x0000000087500000, 0x0000000087600000|  0%| F|  |TAMS 0x0000000087500000, 0x0000000087500000| Untracked 
| 118|0x0000000087600000, 0x0000000087600000, 0x0000000087700000|  0%| F|  |TAMS 0x0000000087600000, 0x0000000087600000| Untracked 
| 119|0x0000000087700000, 0x0000000087700000, 0x0000000087800000|  0%| F|  |TAMS 0x0000000087700000, 0x0000000087700000| Untracked 
| 120|0x0000000087800000, 0x0000000087800000, 0x0000000087900000|  0%| F|  |TAMS 0x0000000087800000, 0x0000000087800000| Untracked 
| 121|0x0000000087900000, 0x0000000087900000, 0x0000000087a00000|  0%| F|  |TAMS 0x0000000087900000, 0x0000000087900000| Untracked 
| 122|0x0000000087a00000, 0x0000000087a00000, 0x0000000087b00000|  0%| F|  |TAMS 0x0000000087a00000, 0x0000000087a00000| Untracked 
| 123|0x0000000087b00000, 0x0000000087b00000, 0x0000000087c00000|  0%| F|  |TAMS 0x0000000087b00000, 0x0000000087b00000| Untracked 
| 124|0x0000000087c00000, 0x0000000087c00000, 0x0000000087d00000|  0%| F|  |TAMS 0x0000000087c00000, 0x0000000087c00000| Untracked 
| 125|0x0000000087d00000, 0x0000000087d00000, 0x0000000087e00000|  0%| F|  |TAMS 0x0000000087d00000, 0x0000000087d00000| Untracked 
| 126|0x0000000087e00000, 0x0000000087e00000, 0x0000000087f00000|  0%| F|  |TAMS 0x0000000087e00000, 0x0000000087e00000| Untracked 
| 127|0x0000000087f00000, 0x0000000087f00000, 0x0000000088000000|  0%| F|  |TAMS 0x0000000087f00000, 0x0000000087f00000| Untracked 
| 128|0x0000000088000000, 0x0000000088000000, 0x0000000088100000|  0%| F|  |TAMS 0x0000000088000000, 0x0000000088000000| Untracked 
| 129|0x0000000088100000, 0x0000000088100000, 0x0000000088200000|  0%| F|  |TAMS 0x0000000088100000, 0x0000000088100000| Untracked 
| 130|0x0000000088200000, 0x0000000088200000, 0x0000000088300000|  0%| F|  |TAMS 0x0000000088200000, 0x0000000088200000| Untracked 
| 131|0x0000000088300000, 0x0000000088300000, 0x0000000088400000|  0%| F|  |TAMS 0x0000000088300000, 0x0000000088300000| Untracked 
| 132|0x0000000088400000, 0x0000000088400000, 0x0000000088500000|  0%| F|  |TAMS 0x0000000088400000, 0x0000000088400000| Untracked 
| 133|0x0000000088500000, 0x0000000088500000, 0x0000000088600000|  0%| F|  |TAMS 0x0000000088500000, 0x0000000088500000| Untracked 
| 134|0x0000000088600000, 0x0000000088600000, 0x0000000088700000|  0%| F|  |TAMS 0x0000000088600000, 0x0000000088600000| Untracked 
| 135|0x0000000088700000, 0x0000000088700000, 0x0000000088800000|  0%| F|  |TAMS 0x0000000088700000, 0x0000000088700000| Untracked 
| 136|0x0000000088800000, 0x0000000088800000, 0x0000000088900000|  0%| F|  |TAMS 0x0000000088800000, 0x0000000088800000| Untracked 
| 137|0x0000000088900000, 0x0000000088900000, 0x0000000088a00000|  0%| F|  |TAMS 0x0000000088900000, 0x0000000088900000| Untracked 
| 138|0x0000000088a00000, 0x0000000088a00000, 0x0000000088b00000|  0%| F|  |TAMS 0x0000000088a00000, 0x0000000088a00000| Untracked 
| 139|0x0000000088b00000, 0x0000000088b00000, 0x0000000088c00000|  0%| F|  |TAMS 0x0000000088b00000, 0x0000000088b00000| Untracked 
| 140|0x0000000088c00000, 0x0000000088c00000, 0x0000000088d00000|  0%| F|  |TAMS 0x0000000088c00000, 0x0000000088c00000| Untracked 
| 141|0x0000000088d00000, 0x0000000088d00000, 0x0000000088e00000|  0%| F|  |TAMS 0x0000000088d00000, 0x0000000088d00000| Untracked 
| 142|0x0000000088e00000, 0x0000000088e00000, 0x0000000088f00000|  0%| F|  |TAMS 0x0000000088e00000, 0x0000000088e00000| Untracked 
| 143|0x0000000088f00000, 0x0000000088f00000, 0x0000000089000000|  0%| F|  |TAMS 0x0000000088f00000, 0x0000000088f00000| Untracked 
| 144|0x0000000089000000, 0x0000000089000000, 0x0000000089100000|  0%| F|  |TAMS 0x0000000089000000, 0x0000000089000000| Untracked 
| 145|0x0000000089100000, 0x0000000089100000, 0x0000000089200000|  0%| F|  |TAMS 0x0000000089100000, 0x0000000089100000| Untracked 
| 146|0x0000000089200000, 0x0000000089200000, 0x0000000089300000|  0%| F|  |TAMS 0x0000000089200000, 0x0000000089200000| Untracked 
| 147|0x0000000089300000, 0x00000000893821d8, 0x0000000089400000| 50%| E|  |TAMS 0x0000000089300000, 0x0000000089300000| Complete 
| 148|0x0000000089400000, 0x0000000089500000, 0x0000000089500000|100%| E|CS|TAMS 0x0000000089400000, 0x0000000089400000| Complete 
| 149|0x0000000089500000, 0x0000000089600000, 0x0000000089600000|100%| E|CS|TAMS 0x0000000089500000, 0x0000000089500000| Complete 
| 150|0x0000000089600000, 0x0000000089700000, 0x0000000089700000|100%| E|CS|TAMS 0x0000000089600000, 0x0000000089600000| Complete 
| 151|0x0000000089700000, 0x0000000089800000, 0x0000000089800000|100%| E|CS|TAMS 0x0000000089700000, 0x0000000089700000| Complete 
| 152|0x0000000089800000, 0x0000000089900000, 0x0000000089900000|100%| E|CS|TAMS 0x0000000089800000, 0x0000000089800000| Complete 
| 153|0x0000000089900000, 0x0000000089a00000, 0x0000000089a00000|100%| E|CS|TAMS 0x0000000089900000, 0x0000000089900000| Complete 

Card table byte_map: [0x0000026cb29f0000,0x0000026cb2df0000] _byte_map_base: 0x0000026cb25f0000

Marking Bits (Prev, Next): (CMBitMap*) 0x0000026c9f51cbc8, (CMBitMap*) 0x0000026c9f51cc00
 Prev Bits: [0x0000026cb31f0000, 0x0000026cb51f0000)
 Next Bits: [0x0000026cb51f0000, 0x0000026cb71f0000)

Polling page: 0x0000026c9daf0000

Metaspace:

Usage:
  Non-class:     60.00 MB capacity,    58.97 MB ( 98%) used,   889.55 KB (  1%) free+waste,   170.13 KB ( <1%) overhead. 
      Class:      9.06 MB capacity,     8.49 MB ( 94%) used,   510.44 KB (  6%) free+waste,    78.38 KB ( <1%) overhead. 
       Both:     69.06 MB capacity,    67.45 MB ( 98%) used,     1.37 MB (  2%) free+waste,   248.50 KB ( <1%) overhead. 

Virtual space:
  Non-class space:       62.00 MB reserved,      60.25 MB ( 97%) committed 
      Class space:        1.00 GB reserved,       9.07 MB ( <1%) committed 
             Both:        1.06 GB reserved,      69.32 MB (  6%) committed 

Chunk freelists:
   Non-Class:  60.00 KB
       Class:  2.00 KB
        Both:  62.00 KB

MaxMetaspaceSize: 17179869184.00 GB
CompressedClassSpaceSize: 1.00 GB

CodeHeap 'non-profiled nmethods': size=120064Kb used=4144Kb max_used=4144Kb free=115919Kb
 bounds [0x0000026caaa90000, 0x0000026caaea0000, 0x0000026cb1fd0000]
CodeHeap 'profiled nmethods': size=120000Kb used=14470Kb max_used=14470Kb free=105529Kb
 bounds [0x0000026ca3560000, 0x0000026ca4390000, 0x0000026caaa90000]
CodeHeap 'non-nmethods': size=5696Kb used=2262Kb max_used=2303Kb free=3433Kb
 bounds [0x0000026ca2fd0000, 0x0000026ca3240000, 0x0000026ca3560000]
 total_blobs=7649 nmethods=6792 adapters=768
 compilation: enabled
              stopped_count=0, restarted_count=0
 full_count=0

Compilation events (20 events):
Event: 25.918 Thread 0x0000026cb980c800 nmethod 6798 0x0000026caae9a710 code [0x0000026caae9a8c0, 0x0000026caae9a9c8]
Event: 25.932 Thread 0x0000026cb980c800 6799       4       org.gradle.internal.reflect.PropertyAccessorType::of (95 bytes)
Event: 25.946 Thread 0x0000026cb980c800 nmethod 6799 0x0000026caae9ab10 code [0x0000026caae9ace0, 0x0000026caae9b098]
Event: 25.946 Thread 0x0000026cb980c800 6801 %     4       org.gradle.internal.instantiation.generator.AbstractClassGenerator::inspectType @ 207 (560 bytes)
Event: 25.979 Thread 0x0000026cb9817800 6802       3       org.gradle.api.internal.provider.AbstractProperty$NonFinalizedValue::explicitValue (7 bytes)
Event: 25.980 Thread 0x0000026cb9817800 nmethod 6802 0x0000026ca4375490 code [0x0000026ca4375640, 0x0000026ca4375738]
Event: 26.005 Thread 0x0000026cb9817800 6803       3       java.util.concurrent.atomic.AtomicLong::addAndGet (14 bytes)
Event: 26.005 Thread 0x0000026cb9817800 nmethod 6803 0x0000026ca4375810 code [0x0000026ca43759c0, 0x0000026ca4375ad8]
Event: 26.006 Thread 0x0000026cb9817800 6804       1       org.gradle.internal.typeconversion.TypeInfo::getTargetType (5 bytes)
Event: 26.006 Thread 0x0000026cb9817800 nmethod 6804 0x0000026caae9b590 code [0x0000026caae9b740, 0x0000026caae9b7f8]
Event: 26.007 Thread 0x0000026cb9817800 6805       3       org.gradle.api.internal.provider.DefaultProperty::calculateValueFrom (10 bytes)
Event: 26.007 Thread 0x0000026cb9817800 nmethod 6805 0x0000026ca4375b90 code [0x0000026ca4375d60, 0x0000026ca4376108]
Event: 26.007 Thread 0x0000026cb9817800 6806       3       org.gradle.api.internal.provider.DefaultProperty::calculateValueFrom (8 bytes)
Event: 26.007 Thread 0x0000026cb9817800 nmethod 6806 0x0000026ca4376210 code [0x0000026ca43763c0, 0x0000026ca4376588]
Event: 26.007 Thread 0x0000026cb9817800 6807       1       com.android.build.gradle.internal.services.ProjectServices::getObjectFactory (5 bytes)
Event: 26.007 Thread 0x0000026cb9817800 nmethod 6807 0x0000026caae9b890 code [0x0000026caae9ba40, 0x0000026caae9baf8]
Event: 26.027 Thread 0x0000026cb9817800 6808       1       org.gradle.api.internal.tasks.properties.annotations.OutputPropertyRoleAnnotationHandler::getAnnotationTypes (5 bytes)
Event: 26.027 Thread 0x0000026cb9817800 nmethod 6808 0x0000026caae9bb90 code [0x0000026caae9bd40, 0x0000026caae9bdf8]
Event: 26.092 Thread 0x0000026cb9817800 6809       3       org.gradle.internal.instantiation.generator.AsmBackedClassGenerator$ClassBuilderImpl::visitArrayElements (233 bytes)
Event: 26.094 Thread 0x0000026cb9817800 nmethod 6809 0x0000026ca4376690 code [0x0000026ca43769c0, 0x0000026ca4377b08]

GC Heap History (20 events):
Event: 4.884 GC heap before
{Heap before GC invocations=1 (full 0):
 garbage-first heap   total 131072K, used 84715K [0x0000000080000000, 0x0000000100000000)
  region size 1024K, 76 young (77824K), 2 survivors (2048K)
 Metaspace       used 17141K, capacity 17589K, committed 17792K, reserved 1064960K
  class space    used 1967K, capacity 2088K, committed 2176K, reserved 1048576K
}
Event: 4.900 GC heap after
{Heap after GC invocations=2 (full 0):
 garbage-first heap   total 131072K, used 15375K [0x0000000080000000, 0x0000000100000000)
  region size 1024K, 10 young (10240K), 10 survivors (10240K)
 Metaspace       used 17141K, capacity 17589K, committed 17792K, reserved 1064960K
  class space    used 1967K, capacity 2088K, committed 2176K, reserved 1048576K
}
Event: 5.475 GC heap before
{Heap before GC invocations=2 (full 0):
 garbage-first heap   total 131072K, used 45071K [0x0000000080000000, 0x0000000100000000)
  region size 1024K, 40 young (40960K), 10 survivors (10240K)
 Metaspace       used 20535K, capacity 21092K, committed 21248K, reserved 1067008K
  class space    used 2504K, capacity 2690K, committed 2816K, reserved 1048576K
}
Event: 5.488 GC heap after
{Heap after GC invocations=3 (full 0):
 garbage-first heap   total 131072K, used 16798K [0x0000000080000000, 0x0000000100000000)
  region size 1024K, 2 young (2048K), 2 survivors (2048K)
 Metaspace       used 20535K, capacity 21092K, committed 21248K, reserved 1067008K
  class space    used 2504K, capacity 2690K, committed 2816K, reserved 1048576K
}
Event: 7.096 GC heap before
{Heap before GC invocations=4 (full 0):
 garbage-first heap   total 131072K, used 85406K [0x0000000080000000, 0x0000000100000000)
  region size 1024K, 70 young (71680K), 2 survivors (2048K)
 Metaspace       used 26898K, capacity 27643K, committed 27904K, reserved 1073152K
  class space    used 3549K, capacity 3795K, committed 3840K, reserved 1048576K
}
Event: 7.102 GC heap after
{Heap after GC invocations=5 (full 0):
 garbage-first heap   total 131072K, used 18685K [0x0000000080000000, 0x0000000100000000)
  region size 1024K, 4 young (4096K), 4 survivors (4096K)
 Metaspace       used 26898K, capacity 27643K, committed 27904K, reserved 1073152K
  class space    used 3549K, capacity 3795K, committed 3840K, reserved 1048576K
}
Event: 8.691 GC heap before
{Heap before GC invocations=5 (full 0):
 garbage-first heap   total 131072K, used 60669K [0x0000000080000000, 0x0000000100000000)
  region size 1024K, 47 young (48128K), 4 survivors (4096K)
 Metaspace       used 35068K, capacity 35826K, committed 35840K, reserved 1081344K
  class space    used 4543K, capacity 4864K, committed 4864K, reserved 1048576K
}
Event: 8.704 GC heap after
{Heap after GC invocations=6 (full 0):
 garbage-first heap   total 131072K, used 21890K [0x0000000080000000, 0x0000000100000000)
  region size 1024K, 7 young (7168K), 7 survivors (7168K)
 Metaspace       used 35068K, capacity 35826K, committed 35840K, reserved 1081344K
  class space    used 4543K, capacity 4864K, committed 4864K, reserved 1048576K
}
Event: 10.886 GC heap before
{Heap before GC invocations=7 (full 0):
 garbage-first heap   total 131072K, used 95618K [0x0000000080000000, 0x0000000100000000)
  region size 1024K, 76 young (77824K), 7 survivors (7168K)
 Metaspace       used 41727K, capacity 42686K, committed 42828K, reserved 1087488K
  class space    used 5284K, capacity 5624K, committed 5708K, reserved 1048576K
}
Event: 10.903 GC heap after
{Heap after GC invocations=8 (full 0):
 garbage-first heap   total 131072K, used 26618K [0x0000000080000000, 0x0000000100000000)
  region size 1024K, 8 young (8192K), 8 survivors (8192K)
 Metaspace       used 41727K, capacity 42686K, committed 42828K, reserved 1087488K
  class space    used 5284K, capacity 5624K, committed 5708K, reserved 1048576K
}
Event: 12.852 GC heap before
{Heap before GC invocations=8 (full 0):
 garbage-first heap   total 131072K, used 96250K [0x0000000080000000, 0x0000000100000000)
  region size 1024K, 76 young (77824K), 8 survivors (8192K)
 Metaspace       used 45851K, capacity 46957K, committed 47052K, reserved 1089536K
  class space    used 5867K, capacity 6261K, committed 6348K, reserved 1048576K
}
Event: 12.868 GC heap after
{Heap after GC invocations=9 (full 0):
 garbage-first heap   total 131072K, used 29907K [0x0000000080000000, 0x0000000100000000)
  region size 1024K, 8 young (8192K), 8 survivors (8192K)
 Metaspace       used 45851K, capacity 46957K, committed 47052K, reserved 1089536K
  class space    used 5867K, capacity 6261K, committed 6348K, reserved 1048576K
}
Event: 15.074 GC heap before
{Heap before GC invocations=9 (full 0):
 garbage-first heap   total 131072K, used 107731K [0x0000000080000000, 0x0000000100000000)
  region size 1024K, 76 young (77824K), 8 survivors (8192K)
 Metaspace       used 50490K, capacity 51838K, committed 52044K, reserved 1093632K
  class space    used 6421K, capacity 6908K, committed 6988K, reserved 1048576K
}
Event: 15.095 GC heap after
{Heap after GC invocations=10 (full 0):
 garbage-first heap   total 131072K, used 47055K [0x0000000080000000, 0x0000000100000000)
  region size 1024K, 10 young (10240K), 10 survivors (10240K)
 Metaspace       used 50490K, capacity 51838K, committed 52044K, reserved 1093632K
  class space    used 6421K, capacity 6908K, committed 6988K, reserved 1048576K
}
Event: 17.060 GC heap before
{Heap before GC invocations=10 (full 0):
 garbage-first heap   total 131072K, used 97231K [0x0000000080000000, 0x0000000100000000)
  region size 1024K, 60 young (61440K), 10 survivors (10240K)
 Metaspace       used 58689K, capacity 60154K, committed 60288K, reserved 1101824K
  class space    used 7391K, capacity 7928K, committed 8012K, reserved 1048576K
}
Event: 17.091 GC heap after
{Heap after GC invocations=11 (full 0):
 garbage-first heap   total 157696K, used 50381K [0x0000000080000000, 0x0000000100000000)
  region size 1024K, 3 young (3072K), 3 survivors (3072K)
 Metaspace       used 58689K, capacity 60154K, committed 60288K, reserved 1101824K
  class space    used 7391K, capacity 7928K, committed 8012K, reserved 1048576K
}
Event: 20.113 GC heap before
{Heap before GC invocations=12 (full 0):
 garbage-first heap   total 157696K, used 112845K [0x0000000080000000, 0x0000000100000000)
  region size 1024K, 64 young (65536K), 3 survivors (3072K)
 Metaspace       used 64942K, capacity 66590K, committed 66636K, reserved 1107968K
  class space    used 8171K, capacity 8758K, committed 8780K, reserved 1048576K
}
Event: 20.130 GC heap after
{Heap after GC invocations=13 (full 0):
 garbage-first heap   total 157696K, used 54779K [0x0000000080000000, 0x0000000100000000)
  region size 1024K, 7 young (7168K), 7 survivors (7168K)
 Metaspace       used 64942K, capacity 66590K, committed 66636K, reserved 1107968K
  class space    used 8171K, capacity 8758K, committed 8780K, reserved 1048576K
}
Event: 25.652 GC heap before
{Heap before GC invocations=14 (full 0):
 garbage-first heap   total 157696K, used 116219K [0x0000000080000000, 0x0000000100000000)
  region size 1024K, 67 young (68608K), 7 survivors (7168K)
 Metaspace       used 68419K, capacity 70048K, committed 70220K, reserved 1110016K
  class space    used 8592K, capacity 9182K, committed 9292K, reserved 1048576K
}
Event: 25.680 GC heap after
{Heap after GC invocations=15 (full 0):
 garbage-first heap   total 157696K, used 60279K [0x0000000080000000, 0x0000000100000000)
  region size 1024K, 6 young (6144K), 6 survivors (6144K)
 Metaspace       used 68419K, capacity 70048K, committed 70220K, reserved 1110016K
  class space    used 8592K, capacity 9182K, committed 9292K, reserved 1048576K
}

Deoptimization events (20 events):
Event: 20.887 Thread 0x0000026cba5c9000 DEOPT PACKING pc=0x0000026caabcadf4 sp=0x000000f1b2ff8790
Event: 20.887 Thread 0x0000026cba5c9000 DEOPT UNPACKING pc=0x0000026ca2ff78af sp=0x000000f1b2ff8688 mode 2
Event: 23.089 Thread 0x0000026cba5c9000 Uncommon trap: trap_request=0xffffff4d fr.pc=0x0000026caada54ac relative=0x0000000000001b0c
Event: 23.089 Thread 0x0000026cba5c9000 Uncommon trap: reason=unstable_if action=reinterpret pc=0x0000026caada54ac method=java.util.concurrent.ConcurrentHashMap.putVal(Ljava/lang/Object;Ljava/lang/Object;Z)Ljava/lang/Object; @ 245 c2
Event: 23.090 Thread 0x0000026cba5c9000 DEOPT PACKING pc=0x0000026caada54ac sp=0x000000f1b2ff7a50
Event: 23.090 Thread 0x0000026cba5c9000 DEOPT UNPACKING pc=0x0000026ca2ff78af sp=0x000000f1b2ff79e8 mode 2
Event: 24.793 Thread 0x0000026cba5c9000 Uncommon trap: trap_request=0xffffff4d fr.pc=0x0000026caac15500 relative=0x0000000000000340
Event: 24.793 Thread 0x0000026cba5c9000 Uncommon trap: reason=unstable_if action=reinterpret pc=0x0000026caac15500 method=java.util.StringJoiner.add(Ljava/lang/CharSequence;)Ljava/util/StringJoiner; @ 33 c2
Event: 24.793 Thread 0x0000026cba5c9000 DEOPT PACKING pc=0x0000026caac15500 sp=0x000000f1b2ff6520
Event: 24.793 Thread 0x0000026cba5c9000 DEOPT UNPACKING pc=0x0000026ca2ff78af sp=0x000000f1b2ff64d0 mode 2
Event: 24.944 Thread 0x0000026cba5c9000 Uncommon trap: trap_request=0xffffffde fr.pc=0x0000026caac4e78c relative=0x00000000000009ac
Event: 24.944 Thread 0x0000026cba5c9000 Uncommon trap: reason=class_check action=maybe_recompile pc=0x0000026caac4e78c method=java.util.WeakHashMap.eq(Ljava/lang/Object;Ljava/lang/Object;)Z @ 7 c2
Event: 24.944 Thread 0x0000026cba5c9000 DEOPT PACKING pc=0x0000026caac4e78c sp=0x000000f1b2ff45f0
Event: 24.944 Thread 0x0000026cba5c9000 DEOPT UNPACKING pc=0x0000026ca2ff78af sp=0x000000f1b2ff4560 mode 2
Event: 24.973 Thread 0x0000026cba5c9000 Uncommon trap: trap_request=0xfffffff4 fr.pc=0x0000026caae7dd90 relative=0x0000000000000970
Event: 24.973 Thread 0x0000026cba5c9000 Uncommon trap: reason=null_check action=make_not_entrant pc=0x0000026caae7dd90 method=com.sun.beans.introspect.MethodInfo$MethodOrder.compare(Ljava/lang/reflect/Method;Ljava/lang/reflect/Method;)I @ 133 c2
Event: 24.973 Thread 0x0000026cba5c9000 DEOPT PACKING pc=0x0000026caae7dd90 sp=0x000000f1b2ff3360
Event: 24.973 Thread 0x0000026cba5c9000 DEOPT UNPACKING pc=0x0000026ca2ff78af sp=0x000000f1b2ff3300 mode 2
Event: 25.132 Thread 0x0000026cba5c9000 DEOPT PACKING pc=0x0000026ca3a13191 sp=0x000000f1b2ff95c0
Event: 25.132 Thread 0x0000026cba5c9000 DEOPT UNPACKING pc=0x0000026ca2ff76ce sp=0x000000f1b2ff8a98 mode 0

Classes redefined (0 events):
No events

Internal exceptions (20 events):
Event: 24.973 Thread 0x0000026cba5c9000 Exception <a 'java/lang/ClassNotFoundException'{0x0000000086ef4598}: com/android/builder/core/AbstractBuildTypeCustomizer> (0x0000000086ef4598) thrown at [./src/hotspot/share/classfile/systemDictionary.cpp, line 231]
Event: 24.973 Thread 0x0000026cba5c9000 Implicit null exception at 0x0000026caae7d73f to 0x0000026caae7dd7c
Event: 24.975 Thread 0x0000026cba5c9000 Exception <a 'java/lang/ClassNotFoundException'{0x0000000086d2b610}: com/android/build/gradle/internal/dsl/BuildTypeCustomizer> (0x0000000086d2b610) thrown at [./src/hotspot/share/classfile/systemDictionary.cpp, line 231]
Event: 24.979 Thread 0x0000026cba5c9000 Exception <a 'java/lang/ClassNotFoundException'{0x0000000086dba1d8}: com/android/build/gradle/internal/dsl/BuildType_DecoratedCustomizer> (0x0000000086dba1d8) thrown at [./src/hotspot/share/classfile/systemDictionary.cpp, line 231]
Event: 24.987 Thread 0x0000026cba5c9000 Exception <a 'java/lang/ClassNotFoundException'{0x0000000086c7d3e0}: build_7ukfkg9s27shn2j1kz3mb0ncg$_run_closure1$_closure5BeanInfo> (0x0000000086c7d3e0) thrown at [./src/hotspot/share/classfile/systemDictionary.cpp, line 231]
Event: 24.988 Thread 0x0000026cba5c9000 Exception <a 'java/lang/ClassNotFoundException'{0x0000000086c8ef30}: build_7ukfkg9s27shn2j1kz3mb0ncg$_run_closure1$_closure5Customizer> (0x0000000086c8ef30) thrown at [./src/hotspot/share/classfile/systemDictionary.cpp, line 231]
Event: 24.991 Thread 0x0000026cba5c9000 Exception <a 'java/lang/ClassNotFoundException'{0x0000000086cb8ca0}: build_7ukfkg9s27shn2j1kz3mb0ncg$_run_closure1BeanInfo> (0x0000000086cb8ca0) thrown at [./src/hotspot/share/classfile/systemDictionary.cpp, line 231]
Event: 24.992 Thread 0x0000026cba5c9000 Exception <a 'java/lang/ClassNotFoundException'{0x0000000086cc9a80}: build_7ukfkg9s27shn2j1kz3mb0ncg$_run_closure1Customizer> (0x0000000086cc9a80) thrown at [./src/hotspot/share/classfile/systemDictionary.cpp, line 231]
Event: 25.006 Thread 0x0000026cba5c9000 Exception <a 'java/lang/ClassNotFoundException'{0x0000000086b2f248}: org/gradle/api/JavaVersionBeanInfo> (0x0000000086b2f248) thrown at [./src/hotspot/share/classfile/systemDictionary.cpp, line 231]
Event: 25.006 Thread 0x0000026cba5c9000 Exception <a 'java/lang/ClassNotFoundException'{0x0000000086b3b2c0}: java/lang/EnumBeanInfo> (0x0000000086b3b2c0) thrown at [./src/hotspot/share/classfile/systemDictionary.cpp, line 231]
Event: 25.006 Thread 0x0000026cba5c9000 Exception <a 'java/lang/ClassNotFoundException'{0x0000000086b473a8}: java/lang/EnumCustomizer> (0x0000000086b473a8) thrown at [./src/hotspot/share/classfile/systemDictionary.cpp, line 231]
Event: 25.009 Thread 0x0000026cba5c9000 Exception <a 'java/lang/ClassNotFoundException'{0x0000000086b789c0}: org/gradle/api/JavaVersionCustomizer> (0x0000000086b789c0) thrown at [./src/hotspot/share/classfile/systemDictionary.cpp, line 231]
Event: 25.013 Thread 0x0000026cba5c9000 Exception <a 'java/lang/ClassNotFoundException'{0x0000000086bcfb30}: com/android/build/gradle/internal/CompileOptions_DecoratedBeanInfo> (0x0000000086bcfb30) thrown at [./src/hotspot/share/classfile/systemDictionary.cpp, line 231]
Event: 25.014 Thread 0x0000026cba5c9000 Exception <a 'java/lang/ClassNotFoundException'{0x0000000086be8f28}: com/android/build/gradle/internal/CompileOptionsBeanInfo> (0x0000000086be8f28) thrown at [./src/hotspot/share/classfile/systemDictionary.cpp, line 231]
Event: 25.015 Thread 0x0000026cba5c9000 Exception <a 'java/lang/ClassNotFoundException'{0x0000000086a030c8}: com/android/build/gradle/internal/CompileOptionsCustomizer> (0x0000000086a030c8) thrown at [./src/hotspot/share/classfile/systemDictionary.cpp, line 231]
Event: 25.016 Thread 0x0000026cba5c9000 Exception <a 'java/lang/ClassNotFoundException'{0x0000000086a29bf8}: com/android/build/gradle/internal/CompileOptions_DecoratedCustomizer> (0x0000000086a29bf8) thrown at [./src/hotspot/share/classfile/systemDictionary.cpp, line 231]
Event: 25.057 Thread 0x0000026cba5c9000 Exception <a 'java/lang/ClassNotFoundException'{0x000000008697fdd8}: org/jetbrains/kotlin/gradle/dsl/KotlinJvmOptionsImplBeanInfo> (0x000000008697fdd8) thrown at [./src/hotspot/share/classfile/systemDictionary.cpp, line 231]
Event: 25.058 Thread 0x0000026cba5c9000 Exception <a 'java/lang/ClassNotFoundException'{0x000000008699a620}: org/jetbrains/kotlin/gradle/dsl/KotlinJvmOptionsBaseBeanInfo> (0x000000008699a620) thrown at [./src/hotspot/share/classfile/systemDictionary.cpp, line 231]
Event: 25.058 Thread 0x0000026cba5c9000 Exception <a 'java/lang/ClassNotFoundException'{0x00000000869b4da8}: org/jetbrains/kotlin/gradle/dsl/KotlinJvmOptionsBaseCustomizer> (0x00000000869b4da8) thrown at [./src/hotspot/share/classfile/systemDictionary.cpp, line 231]
Event: 25.061 Thread 0x0000026cba5c9000 Exception <a 'java/lang/ClassNotFoundException'{0x00000000869e9608}: org/jetbrains/kotlin/gradle/dsl/KotlinJvmOptionsImplCustomizer> (0x00000000869e9608) thrown at [./src/hotspot/share/classfile/systemDictionary.cpp, line 231]

Events (20 events):
Event: 26.118 loading class com/google/wireless/android/sdk/stats/ApiVersion$1
Event: 26.118 loading class com/google/wireless/android/sdk/stats/ApiVersion$1 done
Event: 26.125 loading class com/google/wireless/android/sdk/stats/ApiVersion$Builder
Event: 26.125 loading class com/google/wireless/android/sdk/stats/ApiVersion$Builder done
Event: 26.148 loading class com/android/builder/dexing/DexingTypeKt
Event: 26.148 loading class com/android/builder/dexing/DexingTypeKt done
Event: 26.149 loading class com/google/wireless/android/sdk/stats/GradleBuildVariant$DexBuilderTool
Event: 26.149 loading class com/google/wireless/android/sdk/stats/GradleBuildVariant$DexBuilderTool done
Event: 26.182 loading class com/google/wireless/android/sdk/stats/GradleBuildVariant$DexBuilderTool$1
Event: 26.182 loading class com/google/wireless/android/sdk/stats/GradleBuildVariant$DexBuilderTool$1 done
Event: 26.194 loading class com/google/wireless/android/sdk/stats/GradleBuildVariant$DexMergerTool
Event: 26.194 loading class com/google/wireless/android/sdk/stats/GradleBuildVariant$DexMergerTool done
Event: 26.215 loading class com/google/wireless/android/sdk/stats/GradleBuildVariant$DexMergerTool$1
Event: 26.215 loading class com/google/wireless/android/sdk/stats/GradleBuildVariant$DexMergerTool$1 done
Event: 26.226 loading class com/android/build/gradle/internal/profile/AnalyticsUtil$1
Event: 26.226 loading class com/android/build/gradle/internal/profile/AnalyticsUtil$1 done
Event: 26.238 loading class com/google/wireless/android/sdk/stats/TestRun$TestExecution
Event: 26.238 loading class com/google/wireless/android/sdk/stats/TestRun$TestExecution done
Event: 26.273 loading class com/google/wireless/android/sdk/stats/TestRun$TestExecution$1
Event: 26.273 loading class com/google/wireless/android/sdk/stats/TestRun$TestExecution$1 done


Dynamic libraries:
0x00007ff71c7c0000 - 0x00007ff71c7ca000 	C:\Program Files\Android\Android Studio\jre\bin\java.exe
0x00007ffdf8a50000 - 0x00007ffdf8c45000 	C:\Windows\SYSTEM32\ntdll.dll
0x00007ffdf7ab0000 - 0x00007ffdf7b6e000 	C:\Windows\System32\KERNEL32.DLL
0x00007ffdf64b0000 - 0x00007ffdf6778000 	C:\Windows\System32\KERNELBASE.dll
0x00007ffdf6890000 - 0x00007ffdf6990000 	C:\Windows\System32\ucrtbase.dll
0x00007ffdef500000 - 0x00007ffdef517000 	C:\Program Files\Android\Android Studio\jre\bin\VCRUNTIME140.dll
0x00007ffdf08d0000 - 0x00007ffdf08e9000 	C:\Program Files\Android\Android Studio\jre\bin\jli.dll
0x00007ffdf6b00000 - 0x00007ffdf6ca1000 	C:\Windows\System32\USER32.dll
0x00007ffdf67b0000 - 0x00007ffdf67d2000 	C:\Windows\System32\win32u.dll
0x00007ffde3ee0000 - 0x00007ffde417a000 	C:\Windows\WinSxS\amd64_microsoft.windows.common-controls_6595b64144ccf1df_6.0.19041.1110_none_60b5254171f9507e\COMCTL32.dll
0x00007ffdf74a0000 - 0x00007ffdf74cb000 	C:\Windows\System32\GDI32.dll
0x00007ffdf7380000 - 0x00007ffdf741e000 	C:\Windows\System32\msvcrt.dll
0x00007ffdf6990000 - 0x00007ffdf6a9b000 	C:\Windows\System32\gdi32full.dll
0x00007ffdf6410000 - 0x00007ffdf64ad000 	C:\Windows\System32\msvcp_win.dll
0x00007ffdf6f10000 - 0x00007ffdf6f40000 	C:\Windows\System32\IMM32.DLL
0x00007ffdb3f30000 - 0x00007ffdb3fcd000 	C:\Program Files\Android\Android Studio\jre\bin\msvcp140.dll
0x00007ffda8c90000 - 0x00007ffda975f000 	C:\Program Files\Android\Android Studio\jre\bin\server\jvm.dll
0x00007ffdf7b80000 - 0x00007ffdf7c2c000 	C:\Windows\System32\ADVAPI32.dll
0x00007ffdf7550000 - 0x00007ffdf75eb000 	C:\Windows\System32\sechost.dll
0x00007ffdf83f0000 - 0x00007ffdf851a000 	C:\Windows\System32\RPCRT4.dll
0x00007ffdf8580000 - 0x00007ffdf8588000 	C:\Windows\System32\PSAPI.DLL
0x00007ffdefd20000 - 0x00007ffdefd2a000 	C:\Windows\SYSTEM32\VERSION.dll
0x00007ffdd02b0000 - 0x00007ffdd02d7000 	C:\Windows\SYSTEM32\WINMM.dll
0x00007ffddeec0000 - 0x00007ffddeec9000 	C:\Windows\SYSTEM32\WSOCK32.dll
0x00007ffdf74e0000 - 0x00007ffdf754b000 	C:\Windows\System32\WS2_32.dll
0x00007ffdf49f0000 - 0x00007ffdf4a02000 	C:\Windows\SYSTEM32\kernel.appcore.dll
0x00007ffdee880000 - 0x00007ffdee891000 	C:\Program Files\Android\Android Studio\jre\bin\verify.dll
0x00007ffdf3f60000 - 0x00007ffdf4144000 	C:\Windows\SYSTEM32\DBGHELP.DLL
0x00007ffddbbb0000 - 0x00007ffddbbdc000 	C:\Windows\SYSTEM32\dbgcore.DLL
0x00007ffdf6380000 - 0x00007ffdf6403000 	C:\Windows\System32\bcryptPrimitives.dll
0x00007ffde9ed0000 - 0x00007ffde9ef9000 	C:\Program Files\Android\Android Studio\jre\bin\java.dll
0x00007ffdf2e20000 - 0x00007ffdf2e2b000 	C:\Program Files\Android\Android Studio\jre\bin\jimage.dll
0x00007ffdee790000 - 0x00007ffdee7a8000 	C:\Program Files\Android\Android Studio\jre\bin\zip.dll
0x00007ffdf7c30000 - 0x00007ffdf836f000 	C:\Windows\System32\SHELL32.dll
0x00007ffdf4150000 - 0x00007ffdf48e0000 	C:\Windows\SYSTEM32\windows.storage.dll
0x00007ffdf7680000 - 0x00007ffdf79d5000 	C:\Windows\System32\combase.dll
0x00007ffdf5af0000 - 0x00007ffdf5b1e000 	C:\Windows\SYSTEM32\Wldp.dll
0x00007ffdf71a0000 - 0x00007ffdf724d000 	C:\Windows\System32\SHCORE.dll
0x00007ffdf7420000 - 0x00007ffdf7475000 	C:\Windows\System32\shlwapi.dll
0x00007ffdf60b0000 - 0x00007ffdf60cf000 	C:\Windows\SYSTEM32\profapi.dll
0x00007ffdee150000 - 0x00007ffdee16a000 	C:\Program Files\Android\Android Studio\jre\bin\net.dll
0x00007ffde5580000 - 0x00007ffde568c000 	C:\Windows\SYSTEM32\WINHTTP.dll
0x00007ffdf5850000 - 0x00007ffdf58ba000 	C:\Windows\system32\mswsock.dll
0x00007ffde6e70000 - 0x00007ffde6e84000 	C:\Program Files\Android\Android Studio\jre\bin\nio.dll
0x00007ffde5b90000 - 0x00007ffde5bb7000 	C:\Users\usuario\.gradle\native\8bec1ad78214c89d9ad589b4d07fe93259594b29d510b10fafb7a158f7737e5d\windows-amd64\native-platform.dll
0x00007ffdc1c50000 - 0x00007ffdc1d8d000 	C:\Users\usuario\.gradle\native\53dbd7edfb1c66fb8903c78663c9afc45aea4f116125fa6feffd364cf09443e8\windows-amd64\native-platform-file-events.dll
0x00007ffdf16d0000 - 0x00007ffdf16da000 	C:\Program Files\Android\Android Studio\jre\bin\management.dll
0x00007ffdefa80000 - 0x00007ffdefa8c000 	C:\Program Files\Android\Android Studio\jre\bin\management_ext.dll
0x00007ffdf5a40000 - 0x00007ffdf5a58000 	C:\Windows\SYSTEM32\CRYPTSP.dll
0x00007ffdf51d0000 - 0x00007ffdf5204000 	C:\Windows\system32\rsaenh.dll
0x00007ffdf6780000 - 0x00007ffdf67a7000 	C:\Windows\System32\bcrypt.dll
0x00007ffdf6030000 - 0x00007ffdf605e000 	C:\Windows\SYSTEM32\USERENV.dll
0x00007ffdf5a60000 - 0x00007ffdf5a6c000 	C:\Windows\SYSTEM32\CRYPTBASE.dll
0x00007ffdf5540000 - 0x00007ffdf557b000 	C:\Windows\SYSTEM32\IPHLPAPI.DLL
0x00007ffdf7b70000 - 0x00007ffdf7b78000 	C:\Windows\System32\NSI.dll
0x00007ffdec730000 - 0x00007ffdec747000 	C:\Windows\SYSTEM32\dhcpcsvc6.DLL
0x00007ffdec710000 - 0x00007ffdec72d000 	C:\Windows\SYSTEM32\dhcpcsvc.DLL
0x00007ffdf5580000 - 0x00007ffdf564b000 	C:\Windows\SYSTEM32\DNSAPI.dll

dbghelp: loaded successfully - version: 4.0.5 - missing functions: none
symbol engine: initialized successfully - sym options: 0x614 - pdb path: .;C:\Program Files\Android\Android Studio\jre\bin;C:\Windows\SYSTEM32;C:\Windows\WinSxS\amd64_microsoft.windows.common-controls_6595b64144ccf1df_6.0.19041.1110_none_60b5254171f9507e;C:\Program Files\Android\Android Studio\jre\bin\server;C:\Users\usuario\.gradle\native\8bec1ad78214c89d9ad589b4d07fe93259594b29d510b10fafb7a158f7737e5d\windows-amd64;C:\Users\usuario\.gradle\native\53dbd7edfb1c66fb8903c78663c9afc45aea4f116125fa6feffd364cf09443e8\windows-amd64

VM Arguments:
jvm_args: --add-opens=java.base/java.util=ALL-UNNAMED --add-opens=java.base/java.lang=ALL-UNNAMED --add-opens=java.base/java.lang.invoke=ALL-UNNAMED --add-opens=java.base/java.util=ALL-UNNAMED --add-opens=java.prefs/java.util.prefs=ALL-UNNAMED --add-opens=java.prefs/java.util.prefs=ALL-UNNAMED --add-opens=java.base/java.nio.charset=ALL-UNNAMED --add-opens=java.base/java.net=ALL-UNNAMED --add-opens=java.base/java.util.concurrent.atomic=ALL-UNNAMED -Xmx2048m -Dfile.encoding=UTF-8 -Duser.country=BR -Duser.language=pt -Duser.variant 
java_command: org.gradle.launcher.daemon.bootstrap.GradleDaemon 7.0.2
java_class_path (initial): C:\Users\usuario\.gradle\wrapper\dists\gradle-7.0.2-bin\857tjihv64xamwrf0h14cai3r\gradle-7.0.2\lib\gradle-launcher-7.0.2.jar
Launcher Type: SUN_STANDARD

[Global flags]
     intx CICompilerCount                          = 3                                         {product} {ergonomic}
     uint ConcGCThreads                            = 1                                         {product} {ergonomic}
     uint G1ConcRefinementThreads                  = 4                                         {product} {ergonomic}
   size_t G1HeapRegionSize                         = 1048576                                   {product} {ergonomic}
    uintx GCDrainStackTargetSize                   = 64                                        {product} {ergonomic}
   size_t InitialHeapSize                          = 134217728                                 {product} {ergonomic}
   size_t MarkStackSize                            = 4194304                                   {product} {ergonomic}
   size_t MaxHeapSize                              = 2147483648                                {product} {command line}
   size_t MaxNewSize                               = 1287651328                                {product} {ergonomic}
   size_t MinHeapDeltaBytes                        = 1048576                                   {product} {ergonomic}
    uintx NonNMethodCodeHeapSize                   = 5830732                                {pd product} {ergonomic}
    uintx NonProfiledCodeHeapSize                  = 122913754                              {pd product} {ergonomic}
    uintx ProfiledCodeHeapSize                     = 122913754                              {pd product} {ergonomic}
    uintx ReservedCodeCacheSize                    = 251658240                              {pd product} {ergonomic}
     bool SegmentedCodeCache                       = true                                      {product} {ergonomic}
     bool UseCompressedClassPointers               = true                                 {lp64_product} {ergonomic}
     bool UseCompressedOops                        = true                                 {lp64_product} {ergonomic}
     bool UseG1GC                                  = true                                      {product} {ergonomic}
     bool UseLargePagesIndividualAllocation        = false                                  {pd product} {ergonomic}

Logging:
Log output configuration:
 #0: stdout all=warning uptime,level,tags
 #1: stderr all=off uptime,level,tags

Environment Variables:
JAVA_HOME=C\Program Files\Java\jdk1.7.0_45
PATH=C:\Program Files\Common Files\Oracle\Java\javapath;C:\Windows\system32;C:\Windows;C:\Windows\System32\Wbem;C:\Windows\System32\WindowsPowerShell\v1.0\;C:\Windows\System32\OpenSSH\;C:\Program Files (x86)\Intel\Intel(R) Management Engine Components\DAL;C:\Program Files\Intel\Intel(R) Management Engine Components\DAL;C:\ProgramData\UNIVALI\Portugol Studio;C:\Program Files\Git\cmd;C\Program Files\Java\jdk1.7.0_45\bin;C:\Users\usuario\AppData\Local\Microsoft\WindowsApps;;C:\Users\usuario\AppData\Local\Programs\Microsoft VS Code\bin
USERNAME=usuario
OS=Windows_NT
PROCESSOR_IDENTIFIER=Intel64 Family 6 Model 78 Stepping 3, GenuineIntel



---------------  S Y S T E M  ---------------

OS: Windows 10 , 64 bit Build 19041 (10.0.19041.1348)
OS uptime: 6 days 10:22 hours

CPU:total 4 (initial active 4) (2 cores per cpu, 2 threads per core) family 6 model 78 stepping 3 microcode 0xd6, cmov, cx8, fxsr, mmx, sse, sse2, sse3, ssse3, sse4.1, sse4.2, popcnt, avx, avx2, aes, clmul, erms, 3dnowpref, lzcnt, ht, tsc, tscinvbit, bmi1, bmi2, adx, fma

Memory: 4k page, system-wide physical 8083M (208M free)
TotalPageFile size 12179M (AvailPageFile size 0M)
current process WorkingSet (physical memory assigned to process): 343M, peak: 356M
current process commit charge ("private bytes"): 374M, peak: 386M

vm_info: OpenJDK 64-Bit Server VM (11.0.10+0-b96-7249189) for windows-amd64 JRE (11.0.10+0-b96-7249189), built on Mar 31 2021 21:44:00 by "builder" with MS VC++ 14.0 (VS2015)

END.
